<?xml version="1.0" encoding="UTF-8"?>
<!-- Generated by org.testng.reporters.JUnitReportReporter -->
<testsuite skipped="0" hostname="n8s-pc" name="com.revature.runners.TestRunner" tests="1" failures="0" timestamp="24 Jan 2018 16:45:21 GMT" time="0.015" errors="0">
  <testcase name="feature" time="0.015" classname="com.revature.runners.TestRunner"/>
</testsuite> <!-- com.revature.runners.TestRunner -->
