<?xml version="1.0" encoding="UTF-8"?>
<!-- Generated by org.testng.reporters.JUnitReportReporter -->
<testsuite skipped="0" hostname="n8s-pc" name="com.revature.testng.HelloWorld" tests="3" failures="0" timestamp="23 Jan 2018 16:18:34 GMT" time="0.016" errors="0">
  <testcase name="f" time="0.002" classname="com.revature.testng.HelloWorld"/>
  <testcase name="anotherTest" time="0.008" classname="com.revature.testng.HelloWorld"/>
  <testcase name="f" time="0.006" classname="com.revature.testng.HelloWorld"/>
</testsuite> <!-- com.revature.testng.HelloWorld -->
